[+] Containers:
 |- [+] Container: /Game/ThirdPerson/Maps/ThirdPersonMap
 |   |- [+] ActorDescs:
 |   |   |- Guid:2FB58999456391D349DC0F86DAC136ED NativeClass:/Script/Engine.SkyLight Name:SkyLight_1 Label:SkyLight SpatiallyLoaded:false EditorBounds:IsValid=true, Min=(X=0.000 Y=0.000 Z=690.000), Max=(X=0.000 Y=0.000 Z=690.000) RuntimeBounds:IsValid=true, Min=(X=0.000 Y=0.000 Z=690.000), Max=(X=0.000 Y=0.000 Z=690.000) RuntimeGrid:None EditorOnly:false RuntimeOnly:false HLODRelevant:false ListedInSceneOutliner:true IsMainWorldOnly:false FolderPath:Lighting FolderGuid:963EC3EB4002CCE9759E2EBA541A873A
 |   |   |- Guid:316CF2A6494ACA4C0E4180A87D36AB8F NativeClass:/Script/Engine.ExponentialHeightFog Name:ExponentialHeightFog_0 Label:ExponentialHeightFog SpatiallyLoaded:false EditorBounds:IsValid=true, Min=(X=-5600.000 Y=-50.000 Z=-6850.000), Max=(X=-5600.000 Y=-50.000 Z=-6850.000) RuntimeBounds:IsValid=true, Min=(X=-5600.000 Y=-50.000 Z=-6850.000), Max=(X=-5600.000 Y=-50.000 Z=-6850.000) RuntimeGrid:None EditorOnly:false RuntimeOnly:false HLODRelevant:false ListedInSceneOutliner:true IsMainWorldOnly:false FolderPath:Lighting FolderGuid:963EC3EB4002CCE9759E2EBA541A873A
 |   |   |- Guid:3A00AA1C422CE54C0BDB60BAF471BFBB NativeClass:/Script/Engine.PlayerStart Name:PlayerStart_0 Label:PlayerStart SpatiallyLoaded:false EditorBounds:IsValid=true, Min=(X=662.000 Y=982.000 Z=4.013), Max=(X=1030.000 Y=1238.000 Z=260.013) RuntimeBounds:IsValid=true, Min=(X=750.000 Y=1070.000 Z=40.013), Max=(X=830.000 Y=1150.000 Z=224.013) RuntimeGrid:None EditorOnly:false RuntimeOnly:false HLODRelevant:false ListedInSceneOutliner:true IsMainWorldOnly:false
 |   |   |- Guid:3F64CE77450BB4AC4ACB6D9C92CA5090 NativeClass:/Script/Engine.StaticMeshActor Name:StaticMeshActor_UAID_047C167CBDA2869A02_1798738704 Label:StaticMeshActor SpatiallyLoaded:true EditorBounds:IsValid=true, Min=(X=490.000 Y=-890.000 Z=-140.000), Max=(X=490.000 Y=-890.000 Z=-140.000) RuntimeBounds:IsValid=true, Min=(X=490.000 Y=-890.000 Z=-140.000), Max=(X=490.000 Y=-890.000 Z=-140.000) RuntimeGrid:None EditorOnly:false RuntimeOnly:false HLODRelevant:false ListedInSceneOutliner:true IsMainWorldOnly:false
 |   |   |- Guid:4D3BE93F4146AAAC8BBE79999D96D57F NativeClass:/Script/Engine.VolumetricCloud Name:VolumetricCloud_0 Label:VolumetricCloud SpatiallyLoaded:false EditorBounds:IsValid=true, Min=(X=0.000 Y=0.000 Z=820.000), Max=(X=0.000 Y=0.000 Z=820.000) RuntimeBounds:IsValid=true, Min=(X=0.000 Y=0.000 Z=820.000), Max=(X=0.000 Y=0.000 Z=820.000) RuntimeGrid:None EditorOnly:false RuntimeOnly:false HLODRelevant:false ListedInSceneOutliner:true IsMainWorldOnly:false FolderPath:Lighting FolderGuid:963EC3EB4002CCE9759E2EBA541A873A
 |   |   |- Guid:5BA2409E4BB0DF52571E7D900F5D125C NativeClass:/Script/Engine.StaticMeshActor Name:StaticMeshActor_UAID_D0C1B52AF4B16C9A02_1850622128 Label:Cube SpatiallyLoaded:true EditorBounds:IsValid=true, Min=(X=640.000 Y=815.000 Z=-25.000), Max=(X=1140.000 Y=1365.000 Z=25.000) RuntimeBounds:IsValid=true, Min=(X=640.000 Y=815.000 Z=-25.000), Max=(X=1140.000 Y=1365.000 Z=25.000) RuntimeGrid:None EditorOnly:false RuntimeOnly:false HLODRelevant:true ListedInSceneOutliner:true IsMainWorldOnly:false
 |   |   |- Guid:6B9150EC4701D85F225A8D9FAC8727A9 NativeClass:/Script/Engine.StaticMeshActor Name:StaticMeshActor_UAID_D0C1B52AF4B16C9A02_2127312132 Label:Cube5 SpatiallyLoaded:true EditorBounds:IsValid=true, Min=(X=1635.000 Y=767.500 Z=17.500), Max=(X=2185.000 Y=792.500 Z=42.500) RuntimeBounds:IsValid=true, Min=(X=1635.000 Y=767.500 Z=17.500), Max=(X=2185.000 Y=792.500 Z=42.500) RuntimeGrid:None EditorOnly:false RuntimeOnly:false HLODRelevant:true ListedInSceneOutliner:true IsMainWorldOnly:false
 |   |   |- Guid:6BAF4DDD444C60371492D3919DB42C97 NativeClass:/Script/Engine.WorldDataLayers Name:WorldDataLayers Label:WorldDataLayers SpatiallyLoaded:false EditorBounds:IsValid=true, Min=(X=0.000 Y=0.000 Z=0.000), Max=(X=0.000 Y=0.000 Z=0.000) RuntimeBounds:IsValid=true, Min=(X=0.000 Y=0.000 Z=0.000), Max=(X=0.000 Y=0.000 Z=0.000) RuntimeGrid:None EditorOnly:false RuntimeOnly:false HLODRelevant:false ListedInSceneOutliner:true IsMainWorldOnly:true
 |   |   |- Guid:95E4A6EF4E63AF17118351A022197D79 BaseClass:/Game/CustomBP/CuttingObstacle.CuttingObstacle_C NativeClass:/Script/Engine.Actor Name:CuttingObstacle_C_UAID_D0C1B52AF4B1679702_1158177079 Label:CuttingObstacle SpatiallyLoaded:true EditorBounds:IsValid=true, Min=(X=963.244 Y=1277.009 Z=43.570), Max=(X=1008.651 Y=1282.991 Z=194.803) RuntimeBounds:IsValid=true, Min=(X=963.244 Y=1277.009 Z=43.570), Max=(X=1008.651 Y=1282.991 Z=194.803) RuntimeGrid:None EditorOnly:false RuntimeOnly:false HLODRelevant:false ListedInSceneOutliner:true IsMainWorldOnly:false
 |   |   |- Guid:9E3092534B3B134E6DA9FAB0D50A00C8 NativeClass:/Script/Engine.StaticMeshActor Name:StaticMeshActor_UAID_D0C1B52AF4B16C9A02_2111365131 Label:Cube4 SpatiallyLoaded:true EditorBounds:IsValid=true, Min=(X=1506.250 Y=780.000 Z=17.500), Max=(X=1593.750 Y=880.000 Z=42.500) RuntimeBounds:IsValid=true, Min=(X=1506.250 Y=780.000 Z=17.500), Max=(X=1593.750 Y=880.000 Z=42.500) RuntimeGrid:None EditorOnly:false RuntimeOnly:false HLODRelevant:true ListedInSceneOutliner:true IsMainWorldOnly:false
 |   |   |- Guid:B785ED2844B84CFB91E7F39FE661CD99 NativeClass:/Script/Engine.DirectionalLight Name:DirectionalLight_0 Label:DirectionalLight SpatiallyLoaded:false EditorBounds:IsValid=true, Min=(X=-1048576.000 Y=-1048576.000 Z=-1048576.000), Max=(X=1048576.000 Y=1048576.000 Z=1048576.000) RuntimeBounds:IsValid=true, Min=(X=-1048576.000 Y=-1048576.000 Z=-1048576.000), Max=(X=1048576.000 Y=1048576.000 Z=1048576.000) RuntimeGrid:None EditorOnly:false RuntimeOnly:false HLODRelevant:false ListedInSceneOutliner:true IsMainWorldOnly:false FolderPath:Lighting FolderGuid:963EC3EB4002CCE9759E2EBA541A873A
 |   |   |- Guid:CCFF262C46EEFFDF319E7F9539CE697E NativeClass:/Script/Engine.SkyAtmosphere Name:SkyAtmosphere_0 Label:SkyAtmosphere SpatiallyLoaded:false EditorBounds:IsValid=true, Min=(X=0.000 Y=0.000 Z=1020.000), Max=(X=0.000 Y=0.000 Z=1020.000) RuntimeBounds:IsValid=true, Min=(X=0.000 Y=0.000 Z=1020.000), Max=(X=0.000 Y=0.000 Z=1020.000) RuntimeGrid:None EditorOnly:false RuntimeOnly:false HLODRelevant:false ListedInSceneOutliner:true IsMainWorldOnly:false FolderPath:Lighting FolderGuid:963EC3EB4002CCE9759E2EBA541A873A
 |   |   |- Guid:D0A551B643136037CC7677A02A6F0215 NativeClass:/Script/Engine.TargetPoint Name:TargetPoint_UAID_047C167CBDA2899A02_1163290233 Label:Spawn SpatiallyLoaded:true EditorBounds:IsValid=true, Min=(X=762.000 Y=992.000 Z=12.000), Max=(X=1018.000 Y=1248.000 Z=268.000) RuntimeBounds:IsValid=true, Min=(X=890.000 Y=1120.000 Z=140.000), Max=(X=890.000 Y=1120.000 Z=140.000) RuntimeGrid:None EditorOnly:false RuntimeOnly:false HLODRelevant:false ListedInSceneOutliner:true IsMainWorldOnly:false
 |   |   |- Guid:D873D16C430FE87C129D21B89D8E95E7 NativeClass:/Script/Engine.StaticMeshActor Name:StaticMeshActor_UAID_D0C1B52AF4B16C9A02_2069130130 Label:Cube3 SpatiallyLoaded:true EditorBounds:IsValid=true, Min=(X=1405.000 Y=935.000 Z=-110.000), Max=(X=1455.000 Y=985.000 Z=-10.000) RuntimeBounds:IsValid=true, Min=(X=1405.000 Y=935.000 Z=-110.000), Max=(X=1455.000 Y=985.000 Z=-10.000) RuntimeGrid:None EditorOnly:false RuntimeOnly:false HLODRelevant:true ListedInSceneOutliner:true IsMainWorldOnly:false
 |   |   |- Guid:F5E3FEB3450C49844FD93DA8E083C8AD NativeClass:/Script/Engine.PostProcessVolume Name:PostProcessVolume_0 Label:PostProcessVolume SpatiallyLoaded:false EditorBounds:IsValid=true, Min=(X=0.000 Y=0.000 Z=400.000), Max=(X=200.000 Y=200.000 Z=600.000) RuntimeBounds:IsValid=true, Min=(X=0.000 Y=0.000 Z=400.000), Max=(X=200.000 Y=200.000 Z=600.000) RuntimeGrid:None EditorOnly:false RuntimeOnly:false HLODRelevant:false ListedInSceneOutliner:true IsMainWorldOnly:false FolderPath:Lighting FolderGuid:963EC3EB4002CCE9759E2EBA541A873A
 |   |   |- Guid:F66BE4BA4C236C48A4678B995C91B8D9 NativeClass:/Script/Engine.TriggerBox Name:TriggerBox_UAID_047C167CBDA2869A02_1098936703 Label:TriggerBox SpatiallyLoaded:true EditorBounds:IsValid=true, Min=(X=-2330.000 Y=-3200.000 Z=-268.000), Max=(X=5670.000 Y=4800.000 Z=-12.000) RuntimeBounds:IsValid=true, Min=(X=-2330.000 Y=-3200.000 Z=-180.000), Max=(X=5670.000 Y=4800.000 Z=-100.000) RuntimeGrid:None EditorOnly:false RuntimeOnly:false HLODRelevant:false ListedInSceneOutliner:true IsMainWorldOnly:false
 |   |   |- Guid:FB12C03A4614F2C2FAC3A6AA3B0E7682 NativeClass:/Script/Engine.StaticMeshActor Name:StaticMeshActor_UAID_D0C1B52AF4B16C9A02_2056555129 Label:Cube2 SpatiallyLoaded:true EditorBounds:IsValid=true, Min=(X=1246.250 Y=1130.000 Z=-2.500), Max=(X=1333.750 Y=1230.000 Z=22.500) RuntimeBounds:IsValid=true, Min=(X=1246.250 Y=1130.000 Z=-2.500), Max=(X=1333.750 Y=1230.000 Z=22.500) RuntimeGrid:None EditorOnly:false RuntimeOnly:false HLODRelevant:true ListedInSceneOutliner:true IsMainWorldOnly:false
 |   |- [+] Clusters:
 |   |   |- [+] [  0]
 |   |   |   |- Guid:2FB58999456391D349DC0F86DAC136ED NativeClass:/Script/Engine.SkyLight Name:SkyLight_1 Label:SkyLight SpatiallyLoaded:false EditorBounds:IsValid=true, Min=(X=0.000 Y=0.000 Z=690.000), Max=(X=0.000 Y=0.000 Z=690.000) RuntimeBounds:IsValid=true, Min=(X=0.000 Y=0.000 Z=690.000), Max=(X=0.000 Y=0.000 Z=690.000) RuntimeGrid:None EditorOnly:false RuntimeOnly:false HLODRelevant:false ListedInSceneOutliner:true IsMainWorldOnly:false FolderPath:Lighting FolderGuid:963EC3EB4002CCE9759E2EBA541A873A
 |   |   |- [+] [  1]
 |   |   |   |- Guid:316CF2A6494ACA4C0E4180A87D36AB8F NativeClass:/Script/Engine.ExponentialHeightFog Name:ExponentialHeightFog_0 Label:ExponentialHeightFog SpatiallyLoaded:false EditorBounds:IsValid=true, Min=(X=-5600.000 Y=-50.000 Z=-6850.000), Max=(X=-5600.000 Y=-50.000 Z=-6850.000) RuntimeBounds:IsValid=true, Min=(X=-5600.000 Y=-50.000 Z=-6850.000), Max=(X=-5600.000 Y=-50.000 Z=-6850.000) RuntimeGrid:None EditorOnly:false RuntimeOnly:false HLODRelevant:false ListedInSceneOutliner:true IsMainWorldOnly:false FolderPath:Lighting FolderGuid:963EC3EB4002CCE9759E2EBA541A873A
 |   |   |- [+] [  2]
 |   |   |   |- Guid:3A00AA1C422CE54C0BDB60BAF471BFBB NativeClass:/Script/Engine.PlayerStart Name:PlayerStart_0 Label:PlayerStart SpatiallyLoaded:false EditorBounds:IsValid=true, Min=(X=662.000 Y=982.000 Z=4.013), Max=(X=1030.000 Y=1238.000 Z=260.013) RuntimeBounds:IsValid=true, Min=(X=750.000 Y=1070.000 Z=40.013), Max=(X=830.000 Y=1150.000 Z=224.013) RuntimeGrid:None EditorOnly:false RuntimeOnly:false HLODRelevant:false ListedInSceneOutliner:true IsMainWorldOnly:false
 |   |   |- [+] [  3]
 |   |   |   |- Guid:3F64CE77450BB4AC4ACB6D9C92CA5090 NativeClass:/Script/Engine.StaticMeshActor Name:StaticMeshActor_UAID_047C167CBDA2869A02_1798738704 Label:StaticMeshActor SpatiallyLoaded:true EditorBounds:IsValid=true, Min=(X=490.000 Y=-890.000 Z=-140.000), Max=(X=490.000 Y=-890.000 Z=-140.000) RuntimeBounds:IsValid=true, Min=(X=490.000 Y=-890.000 Z=-140.000), Max=(X=490.000 Y=-890.000 Z=-140.000) RuntimeGrid:None EditorOnly:false RuntimeOnly:false HLODRelevant:false ListedInSceneOutliner:true IsMainWorldOnly:false
 |   |   |- [+] [  4]
 |   |   |   |- Guid:4D3BE93F4146AAAC8BBE79999D96D57F NativeClass:/Script/Engine.VolumetricCloud Name:VolumetricCloud_0 Label:VolumetricCloud SpatiallyLoaded:false EditorBounds:IsValid=true, Min=(X=0.000 Y=0.000 Z=820.000), Max=(X=0.000 Y=0.000 Z=820.000) RuntimeBounds:IsValid=true, Min=(X=0.000 Y=0.000 Z=820.000), Max=(X=0.000 Y=0.000 Z=820.000) RuntimeGrid:None EditorOnly:false RuntimeOnly:false HLODRelevant:false ListedInSceneOutliner:true IsMainWorldOnly:false FolderPath:Lighting FolderGuid:963EC3EB4002CCE9759E2EBA541A873A
 |   |   |- [+] [  5]
 |   |   |   |- Guid:5BA2409E4BB0DF52571E7D900F5D125C NativeClass:/Script/Engine.StaticMeshActor Name:StaticMeshActor_UAID_D0C1B52AF4B16C9A02_1850622128 Label:Cube SpatiallyLoaded:true EditorBounds:IsValid=true, Min=(X=640.000 Y=815.000 Z=-25.000), Max=(X=1140.000 Y=1365.000 Z=25.000) RuntimeBounds:IsValid=true, Min=(X=640.000 Y=815.000 Z=-25.000), Max=(X=1140.000 Y=1365.000 Z=25.000) RuntimeGrid:None EditorOnly:false RuntimeOnly:false HLODRelevant:true ListedInSceneOutliner:true IsMainWorldOnly:false
 |   |   |- [+] [  6]
 |   |   |   |- Guid:6B9150EC4701D85F225A8D9FAC8727A9 NativeClass:/Script/Engine.StaticMeshActor Name:StaticMeshActor_UAID_D0C1B52AF4B16C9A02_2127312132 Label:Cube5 SpatiallyLoaded:true EditorBounds:IsValid=true, Min=(X=1635.000 Y=767.500 Z=17.500), Max=(X=2185.000 Y=792.500 Z=42.500) RuntimeBounds:IsValid=true, Min=(X=1635.000 Y=767.500 Z=17.500), Max=(X=2185.000 Y=792.500 Z=42.500) RuntimeGrid:None EditorOnly:false RuntimeOnly:false HLODRelevant:true ListedInSceneOutliner:true IsMainWorldOnly:false
 |   |   |- [+] [  7]
 |   |   |   |- Guid:6BAF4DDD444C60371492D3919DB42C97 NativeClass:/Script/Engine.WorldDataLayers Name:WorldDataLayers Label:WorldDataLayers SpatiallyLoaded:false EditorBounds:IsValid=true, Min=(X=0.000 Y=0.000 Z=0.000), Max=(X=0.000 Y=0.000 Z=0.000) RuntimeBounds:IsValid=true, Min=(X=0.000 Y=0.000 Z=0.000), Max=(X=0.000 Y=0.000 Z=0.000) RuntimeGrid:None EditorOnly:false RuntimeOnly:false HLODRelevant:false ListedInSceneOutliner:true IsMainWorldOnly:true
 |   |   |- [+] [  8]
 |   |   |   |- Guid:95E4A6EF4E63AF17118351A022197D79 BaseClass:/Game/CustomBP/CuttingObstacle.CuttingObstacle_C NativeClass:/Script/Engine.Actor Name:CuttingObstacle_C_UAID_D0C1B52AF4B1679702_1158177079 Label:CuttingObstacle SpatiallyLoaded:true EditorBounds:IsValid=true, Min=(X=963.244 Y=1277.009 Z=43.570), Max=(X=1008.651 Y=1282.991 Z=194.803) RuntimeBounds:IsValid=true, Min=(X=963.244 Y=1277.009 Z=43.570), Max=(X=1008.651 Y=1282.991 Z=194.803) RuntimeGrid:None EditorOnly:false RuntimeOnly:false HLODRelevant:false ListedInSceneOutliner:true IsMainWorldOnly:false
 |   |   |- [+] [  9]
 |   |   |   |- Guid:9E3092534B3B134E6DA9FAB0D50A00C8 NativeClass:/Script/Engine.StaticMeshActor Name:StaticMeshActor_UAID_D0C1B52AF4B16C9A02_2111365131 Label:Cube4 SpatiallyLoaded:true EditorBounds:IsValid=true, Min=(X=1506.250 Y=780.000 Z=17.500), Max=(X=1593.750 Y=880.000 Z=42.500) RuntimeBounds:IsValid=true, Min=(X=1506.250 Y=780.000 Z=17.500), Max=(X=1593.750 Y=880.000 Z=42.500) RuntimeGrid:None EditorOnly:false RuntimeOnly:false HLODRelevant:true ListedInSceneOutliner:true IsMainWorldOnly:false
 |   |   |- [+] [ 10]
 |   |   |   |- Guid:B785ED2844B84CFB91E7F39FE661CD99 NativeClass:/Script/Engine.DirectionalLight Name:DirectionalLight_0 Label:DirectionalLight SpatiallyLoaded:false EditorBounds:IsValid=true, Min=(X=-1048576.000 Y=-1048576.000 Z=-1048576.000), Max=(X=1048576.000 Y=1048576.000 Z=1048576.000) RuntimeBounds:IsValid=true, Min=(X=-1048576.000 Y=-1048576.000 Z=-1048576.000), Max=(X=1048576.000 Y=1048576.000 Z=1048576.000) RuntimeGrid:None EditorOnly:false RuntimeOnly:false HLODRelevant:false ListedInSceneOutliner:true IsMainWorldOnly:false FolderPath:Lighting FolderGuid:963EC3EB4002CCE9759E2EBA541A873A
 |   |   |- [+] [ 11]
 |   |   |   |- Guid:CCFF262C46EEFFDF319E7F9539CE697E NativeClass:/Script/Engine.SkyAtmosphere Name:SkyAtmosphere_0 Label:SkyAtmosphere SpatiallyLoaded:false EditorBounds:IsValid=true, Min=(X=0.000 Y=0.000 Z=1020.000), Max=(X=0.000 Y=0.000 Z=1020.000) RuntimeBounds:IsValid=true, Min=(X=0.000 Y=0.000 Z=1020.000), Max=(X=0.000 Y=0.000 Z=1020.000) RuntimeGrid:None EditorOnly:false RuntimeOnly:false HLODRelevant:false ListedInSceneOutliner:true IsMainWorldOnly:false FolderPath:Lighting FolderGuid:963EC3EB4002CCE9759E2EBA541A873A
 |   |   |- [+] [ 12]
 |   |   |   |- Guid:D0A551B643136037CC7677A02A6F0215 NativeClass:/Script/Engine.TargetPoint Name:TargetPoint_UAID_047C167CBDA2899A02_1163290233 Label:Spawn SpatiallyLoaded:true EditorBounds:IsValid=true, Min=(X=762.000 Y=992.000 Z=12.000), Max=(X=1018.000 Y=1248.000 Z=268.000) RuntimeBounds:IsValid=true, Min=(X=890.000 Y=1120.000 Z=140.000), Max=(X=890.000 Y=1120.000 Z=140.000) RuntimeGrid:None EditorOnly:false RuntimeOnly:false HLODRelevant:false ListedInSceneOutliner:true IsMainWorldOnly:false
 |   |   |- [+] [ 13]
 |   |   |   |- Guid:D873D16C430FE87C129D21B89D8E95E7 NativeClass:/Script/Engine.StaticMeshActor Name:StaticMeshActor_UAID_D0C1B52AF4B16C9A02_2069130130 Label:Cube3 SpatiallyLoaded:true EditorBounds:IsValid=true, Min=(X=1405.000 Y=935.000 Z=-110.000), Max=(X=1455.000 Y=985.000 Z=-10.000) RuntimeBounds:IsValid=true, Min=(X=1405.000 Y=935.000 Z=-110.000), Max=(X=1455.000 Y=985.000 Z=-10.000) RuntimeGrid:None EditorOnly:false RuntimeOnly:false HLODRelevant:true ListedInSceneOutliner:true IsMainWorldOnly:false
 |   |   |- [+] [ 14]
 |   |   |   |- Guid:F5E3FEB3450C49844FD93DA8E083C8AD NativeClass:/Script/Engine.PostProcessVolume Name:PostProcessVolume_0 Label:PostProcessVolume SpatiallyLoaded:false EditorBounds:IsValid=true, Min=(X=0.000 Y=0.000 Z=400.000), Max=(X=200.000 Y=200.000 Z=600.000) RuntimeBounds:IsValid=true, Min=(X=0.000 Y=0.000 Z=400.000), Max=(X=200.000 Y=200.000 Z=600.000) RuntimeGrid:None EditorOnly:false RuntimeOnly:false HLODRelevant:false ListedInSceneOutliner:true IsMainWorldOnly:false FolderPath:Lighting FolderGuid:963EC3EB4002CCE9759E2EBA541A873A
 |   |   |- [+] [ 15]
 |   |   |   |- Guid:F66BE4BA4C236C48A4678B995C91B8D9 NativeClass:/Script/Engine.TriggerBox Name:TriggerBox_UAID_047C167CBDA2869A02_1098936703 Label:TriggerBox SpatiallyLoaded:true EditorBounds:IsValid=true, Min=(X=-2330.000 Y=-3200.000 Z=-268.000), Max=(X=5670.000 Y=4800.000 Z=-12.000) RuntimeBounds:IsValid=true, Min=(X=-2330.000 Y=-3200.000 Z=-180.000), Max=(X=5670.000 Y=4800.000 Z=-100.000) RuntimeGrid:None EditorOnly:false RuntimeOnly:false HLODRelevant:false ListedInSceneOutliner:true IsMainWorldOnly:false
 |   |   |- [+] [ 16]
 |   |   |   |- Guid:FB12C03A4614F2C2FAC3A6AA3B0E7682 NativeClass:/Script/Engine.StaticMeshActor Name:StaticMeshActor_UAID_D0C1B52AF4B16C9A02_2056555129 Label:Cube2 SpatiallyLoaded:true EditorBounds:IsValid=true, Min=(X=1246.250 Y=1130.000 Z=-2.500), Max=(X=1333.750 Y=1230.000 Z=22.500) RuntimeBounds:IsValid=true, Min=(X=1246.250 Y=1130.000 Z=-2.500), Max=(X=1333.750 Y=1230.000 Z=22.500) RuntimeGrid:None EditorOnly:false RuntimeOnly:false HLODRelevant:true ListedInSceneOutliner:true IsMainWorldOnly:false
 |- ContainerInstances:
 |- [+] MainContainer:
 |   |-        ID: 00000000000000000000000000000000
 |   |-  ParentID: 00000000000000000000000000000000
 |   |-    Bounds: IsValid=false, Min=(X=0.000 Y=0.000 Z=0.000), Max=(X=0.000 Y=0.000 Z=0.000)
 |   |- Transform: 0.000000,0.000000,0.000000|0.000000,0.000000,-0.000000|1.000000,1.000000,1.000000
 |   |- Container: /Game/ThirdPerson/Maps/ThirdPersonMap
----------------------------------------------------------------------------------------------------------------
ThirdPersonMap - Persistent Level
----------------------------------------------------------------------------------------------------------------
[+] Content of ThirdPersonMap Persistent Level
 |- Always loaded Actor Count: 17 
 |- Actor Path: /Game/ThirdPerson/Maps/ThirdPersonMap.ThirdPersonMap:PersistentLevel.CuttingObstacle_C_UAID_D0C1B52AF4B1679702_1158177079
 |- Actor Package: /Game/__ExternalActors__/ThirdPerson/Maps/ThirdPersonMap/8/I7/58ZK4C3SMCFVQ40KB9KGQX
 |- Actor Path: /Game/ThirdPerson/Maps/ThirdPersonMap.ThirdPersonMap:PersistentLevel.DirectionalLight_0
 |- Actor Package: /Game/__ExternalActors__/ThirdPerson/Maps/ThirdPersonMap/5/R1/TS5OQ5CRUWFZYL1ZQ7I416
 |- Actor Path: /Game/ThirdPerson/Maps/ThirdPersonMap.ThirdPersonMap:PersistentLevel.ExponentialHeightFog_0
 |- Actor Package: /Game/__ExternalActors__/ThirdPerson/Maps/ThirdPersonMap/6/J7/N10XDC9G27EMLS5AGZ6AVV
 |- Actor Path: /Game/ThirdPerson/Maps/ThirdPersonMap.ThirdPersonMap:PersistentLevel.PlayerStart_0
 |- Actor Package: /Game/__ExternalActors__/ThirdPerson/Maps/ThirdPersonMap/D/DE/SWSI13675DVYIZ0N4NF7Y3
 |- Actor Path: /Game/ThirdPerson/Maps/ThirdPersonMap.ThirdPersonMap:PersistentLevel.PostProcessVolume_0
 |- Actor Package: /Game/__ExternalActors__/ThirdPerson/Maps/ThirdPersonMap/1/AZ/A7GPT109Y6ZTTJD4A7TXER
 |- Actor Path: /Game/ThirdPerson/Maps/ThirdPersonMap.ThirdPersonMap:PersistentLevel.SkyAtmosphere_0
 |- Actor Package: /Game/__ExternalActors__/ThirdPerson/Maps/ThirdPersonMap/4/LN/30UBDLYFFA5ZR7U4W4L4GG
 |- Actor Path: /Game/ThirdPerson/Maps/ThirdPersonMap.ThirdPersonMap:PersistentLevel.SkyLight_1
 |- Actor Package: /Game/__ExternalActors__/ThirdPerson/Maps/ThirdPersonMap/8/S1/DXUWD12MD3HRWVVXX076BY
 |- Actor Path: /Game/ThirdPerson/Maps/ThirdPersonMap.ThirdPersonMap:PersistentLevel.StaticMeshActor_UAID_047C167CBDA2869A02_1798738704
 |- Actor Package: /Game/__ExternalActors__/ThirdPerson/Maps/ThirdPersonMap/8/1K/UWP9L9L2WEV8L1C25G68AV
 |- Actor Path: /Game/ThirdPerson/Maps/ThirdPersonMap.ThirdPersonMap:PersistentLevel.StaticMeshActor_UAID_D0C1B52AF4B16C9A02_1850622128
 |- Actor Package: /Game/__ExternalActors__/ThirdPerson/Maps/ThirdPersonMap/C/MH/I0ACNRTXBW46CI4X6O2VX0
 |- Actor Path: /Game/ThirdPerson/Maps/ThirdPersonMap.ThirdPersonMap:PersistentLevel.StaticMeshActor_UAID_D0C1B52AF4B16C9A02_2056555129
 |- Actor Package: /Game/__ExternalActors__/ThirdPerson/Maps/ThirdPersonMap/E/30/SWHI5T7KDJ676X5CXM5XVR
 |- Actor Path: /Game/ThirdPerson/Maps/ThirdPersonMap.ThirdPersonMap:PersistentLevel.StaticMeshActor_UAID_D0C1B52AF4B16C9A02_2069130130
 |- Actor Package: /Game/__ExternalActors__/ThirdPerson/Maps/ThirdPersonMap/C/GN/VMWZS2R49HUTRD6NZWWOQ2
 |- Actor Path: /Game/ThirdPerson/Maps/ThirdPersonMap.ThirdPersonMap:PersistentLevel.StaticMeshActor_UAID_D0C1B52AF4B16C9A02_2111365131
 |- Actor Package: /Game/__ExternalActors__/ThirdPerson/Maps/ThirdPersonMap/5/OK/7R21S148FOME0QVZ283C5A
 |- Actor Path: /Game/ThirdPerson/Maps/ThirdPersonMap.ThirdPersonMap:PersistentLevel.StaticMeshActor_UAID_D0C1B52AF4B16C9A02_2127312132
 |- Actor Package: /Game/__ExternalActors__/ThirdPerson/Maps/ThirdPersonMap/4/0M/P2JMHMX4YBZRLJ8Q9T7IGW
 |- Actor Path: /Game/ThirdPerson/Maps/ThirdPersonMap.ThirdPersonMap:PersistentLevel.TargetPoint_UAID_047C167CBDA2899A02_1163290233
 |- Actor Package: /Game/__ExternalActors__/ThirdPerson/Maps/ThirdPersonMap/7/Y6/HUFYUSDVF9MA3DT0KM7OP3
 |- Actor Path: /Game/ThirdPerson/Maps/ThirdPersonMap.ThirdPersonMap:PersistentLevel.TriggerBox_UAID_047C167CBDA2869A02_1098936703
 |- Actor Package: /Game/__ExternalActors__/ThirdPerson/Maps/ThirdPersonMap/2/4P/1MGZ917YV5AEFRR496KYB6
 |- Actor Path: /Game/ThirdPerson/Maps/ThirdPersonMap.ThirdPersonMap:PersistentLevel.VolumetricCloud_0
 |- Actor Package: /Game/__ExternalActors__/ThirdPerson/Maps/ThirdPersonMap/3/EY/87SHEJN5UBEAN2K5OV1G6R
 |- Actor Path: /Game/ThirdPerson/Maps/ThirdPersonMap.ThirdPersonMap:PersistentLevel.WorldDataLayers
 |- Actor Package: /Game/__ExternalActors__/ThirdPerson/Maps/ThirdPersonMap/0/43/HYQWORMY4JDQ5X3OKZXFLC

----------------------------------------------------------------------------------------------------------------
ThirdPersonMap - Runtime Hash Set
----------------------------------------------------------------------------------------------------------------

